0 info it worked if it ends with ok
1 verbose cli [ 'D:\\Program Files\\nodejs\\node.exe',
1 verbose cli   'D:\\Program Files\\nodejs\\node_modules\\npm\\bin\\npm-cli.js',
1 verbose cli   'run',
1 verbose cli   'dev' ]
2 info using npm@3.10.10
3 info using node@v6.11.2
4 verbose run-script [ 'predev', 'dev', 'postdev' ]
5 info lifecycle task-3@1.0.0~predev: task-3@1.0.0
6 silly lifecycle task-3@1.0.0~predev: no script for predev, continuing
7 info lifecycle task-3@1.0.0~dev: task-3@1.0.0
8 verbose lifecycle task-3@1.0.0~dev: unsafe-perm in lifecycle true
9 verbose lifecycle task-3@1.0.0~dev: PATH: D:\Program Files\nodejs\node_modules\npm\bin\node-gyp-bin;D:\ANDREW\Yandex_shri_2\TASK-3\shri-3\node_modules\.bin;C:\Users\Drinkins\bin;D:\Program Files\Git\mingw64\bin;D:\Program Files\Git\usr\local\bin;D:\Program Files\Git\usr\bin;D:\Program Files\Git\usr\bin;D:\Program Files\Git\mingw64\bin;D:\Program Files\Git\usr\bin;C:\Users\Drinkins\bin;C:\ProgramData\Oracle\Java\javapath;D:\Program Files\Java\jdk1.8.0_102\bin; C;D:\Program Files\Git\windows\system32;C:\windows;C:\windows\system32\WBEM;C:\Windows;C:\Windows\system32;C:\User\Drinkins;D:\Program Files (x86)\PuTTY;D:\Program Files\Git\cmd;D:\Program Files\nodejs;D:\ANDREW\PHP\php-5.6.31-nts-Win32-VC11-x86;D:\ANDREW\PHP\composer;C:\Program Files\MySQL\MySQL Utilities 1.6;C:\Users\Drinkins\AppData\Local\atom\bin;C:\Users\Drinkins\AppData\Local\.meteor;C:\Users\Drinkins\AppData\Roaming\npm;C:\Users\Drinkins\AppData\Roaming\Composer\vendor\bin;D:\Program Files\Git\usr\bin\vendor_perl;D:\Program Files\Git\usr\bin\core_perl
10 verbose lifecycle task-3@1.0.0~dev: CWD: D:\ANDREW\Yandex_shri_2\TASK-3\shri-3
11 silly lifecycle task-3@1.0.0~dev: Args: [ '/d /s /c', 'nodemon index.js' ]
12 silly lifecycle task-3@1.0.0~dev: Returned: code: 3221225786  signal: null
13 info lifecycle task-3@1.0.0~dev: Failed to exec dev script
14 verbose stack Error: task-3@1.0.0 dev: `nodemon index.js`
14 verbose stack Exit status 3221225786
14 verbose stack     at EventEmitter.<anonymous> (D:\Program Files\nodejs\node_modules\npm\lib\utils\lifecycle.js:255:16)
14 verbose stack     at emitTwo (events.js:106:13)
14 verbose stack     at EventEmitter.emit (events.js:191:7)
14 verbose stack     at ChildProcess.<anonymous> (D:\Program Files\nodejs\node_modules\npm\lib\utils\spawn.js:40:14)
14 verbose stack     at emitTwo (events.js:106:13)
14 verbose stack     at ChildProcess.emit (events.js:191:7)
14 verbose stack     at maybeClose (internal/child_process.js:891:16)
14 verbose stack     at Process.ChildProcess._handle.onexit (internal/child_process.js:226:5)
15 verbose pkgid task-3@1.0.0
16 verbose cwd D:\ANDREW\Yandex_shri_2\TASK-3\shri-3
17 error Windows_NT 6.1.7601
18 error argv "D:\\Program Files\\nodejs\\node.exe" "D:\\Program Files\\nodejs\\node_modules\\npm\\bin\\npm-cli.js" "run" "dev"
19 error node v6.11.2
20 error npm  v3.10.10
21 error code ELIFECYCLE
22 error task-3@1.0.0 dev: `nodemon index.js`
22 error Exit status 3221225786
23 error Failed at the task-3@1.0.0 dev script 'nodemon index.js'.
23 error Make sure you have the latest version of node.js and npm installed.
23 error If you do, this is most likely a problem with the task-3 package,
23 error not with npm itself.
23 error Tell the author that this fails on your system:
23 error     nodemon index.js
23 error You can get information on how to open an issue for this project with:
23 error     npm bugs task-3
23 error Or if that isn't available, you can get their info via:
23 error     npm owner ls task-3
23 error There is likely additional logging output above.
24 verbose exit [ 1, true ]
